<?xml version="1.0" encoding="UTF-8"?>
<!-- Generated by org.testng.reporters.JUnitReportReporter -->
<testsuite hostname="LAPTOP-AQ3551AL" failures="0" tests="5" name="testCases.TC_VedioGameAPI" time="5.956" errors="0" timestamp="06 Dec 2019 20:33:55 GMT" skipped="0">
  <testcase classname="testCases.TC_VedioGameAPI" name="test_getAllVideoGames" time="2.029"/>
  <testcase classname="testCases.TC_VedioGameAPI" name="test_addNewVideoGame" time="0.429"/>
  <testcase classname="testCases.TC_VedioGameAPI" name="test_getVideoGame" time="0.394"/>
  <testcase classname="testCases.TC_VedioGameAPI" name="test_updateVideoGame" time="0.069"/>
  <testcase classname="testCases.TC_VedioGameAPI" name="test_deleteVideoGame" time="3.035"/>
</testsuite> <!-- testCases.TC_VedioGameAPI -->
