<?xml version="1.0" encoding="UTF-8"?>
<!-- Generated by org.testng.reporters.JUnitReportReporter -->
<testsuite skipped="0" hostname="LAPTOP-AQ3551AL" name="testCases.TC_VedioGameAPI" tests="5" failures="0" timestamp="06 Dec 2019 20:43:35 GMT" time="5.882" errors="0">
  <testcase name="test_getAllVideoGames" time="1.810" classname="testCases.TC_VedioGameAPI"/>
  <testcase name="test_addNewVideoGame" time="0.421" classname="testCases.TC_VedioGameAPI"/>
  <testcase name="test_getVideoGame" time="0.546" classname="testCases.TC_VedioGameAPI"/>
  <testcase name="test_updateVideoGame" time="0.077" classname="testCases.TC_VedioGameAPI"/>
  <testcase name="test_deleteVideoGame" time="3.028" classname="testCases.TC_VedioGameAPI"/>
</testsuite> <!-- testCases.TC_VedioGameAPI -->
